<?xml version="1.0" encoding="utf-8"?><testsuites name="pytest tests"><testsuite name="pytest" errors="0" failures="0" skipped="0" tests="25" time="2.347" timestamp="2026-01-07T10:19:23.184789+00:00" hostname="agent-env-1b9353d5-e542-4cf8-9ec0-6603b2f49cee"><testcase classname="tests.test_phase_h_security.TestPasswordPolicy" name="test_get_default_password_policy" time="0.358" /><testcase classname="tests.test_phase_h_security.TestPasswordPolicy" name="test_get_org_password_policy" time="0.332" /><testcase classname="tests.test_phase_h_security.TestPasswordPolicy" name="test_update_password_policy_system_admin" time="0.136" /><testcase classname="tests.test_phase_h_security.TestPasswordPolicy" name="test_update_org_password_policy_super_admin" time="0.042" /><testcase classname="tests.test_phase_h_security.TestPasswordPolicy" name="test_validate_password_success" time="0.042" /><testcase classname="tests.test_phase_h_security.TestPasswordPolicy" name="test_validate_password_failure" time="0.080" /><testcase classname="tests.test_phase_h_security.TestMFA" name="test_get_mfa_status_disabled" time="0.040" /><testcase classname="tests.test_phase_h_security.TestMFA" name="test_setup_totp_mfa" time="0.051" /><testcase classname="tests.test_phase_h_security.TestMFA" name="test_verify_totp_invalid_code" time="0.052" /><testcase classname="tests.test_phase_h_security.TestMFA" name="test_enable_email_otp" time="0.116" /><testcase classname="tests.test_phase_h_security.TestMFA" name="test_regenerate_backup_codes" time="0.044" /><testcase classname="tests.test_phase_h_security.TestMFA" name="test_disable_mfa" time="0.127" /><testcase classname="tests.test_phase_h_security.TestSessionManagement" name="test_get_active_sessions" time="0.035" /><testcase classname="tests.test_phase_h_security.TestSessionManagement" name="test_get_session_config" time="0.040" /><testcase classname="tests.test_phase_h_security.TestSessionManagement" name="test_update_session_config" time="0.092" /><testcase classname="tests.test_phase_h_security.TestSessionManagement" name="test_revoke_all_sessions" time="0.039" /><testcase classname="tests.test_phase_h_security.TestAPIKeys" name="test_list_api_keys_empty" time="0.036" /><testcase classname="tests.test_phase_h_security.TestAPIKeys" name="test_create_api_key" time="0.052" /><testcase classname="tests.test_phase_h_security.TestAPIKeys" name="test_list_api_keys_with_created" time="0.037" /><testcase classname="tests.test_phase_h_security.TestAPIKeys" name="test_revoke_api_key" time="0.041" /><testcase classname="tests.test_phase_h_security.TestAPIKeys" name="test_create_api_key_unauthorized" time="0.040" /><testcase classname="tests.test_phase_h_security.TestAccountLockout" name="test_get_lockout_status_self" time="0.117" /><testcase classname="tests.test_phase_h_security.TestMFAEnforcement" name="test_enforce_mfa_for_user" time="0.156" /><testcase classname="tests.test_phase_h_security.TestEmailOTP" name="test_send_email_otp" time="0.047" /><testcase classname="tests.test_phase_h_security.TestEmailOTP" name="test_verify_email_otp_invalid" time="0.043" /></testsuite></testsuites>