<?xml version="1.0" encoding="utf-8"?><testsuites name="pytest tests"><testsuite name="pytest" errors="0" failures="0" skipped="0" tests="12" time="3.814" timestamp="2026-01-07T05:03:17.558727+00:00" hostname="agent-env-e9b3f60b-b4e0-4e32-b1eb-2622002da326"><testcase classname="tests.test_phase_b_context_switching.TestSystemAdminLogin" name="test_system_admin_login_no_org" time="0.277" /><testcase classname="tests.test_phase_b_context_switching.TestSessionsContextAPI" name="test_context_returns_correct_state" time="0.297" /><testcase classname="tests.test_phase_b_context_switching.TestSwitchableContextsAPI" name="test_switchable_contexts_returns_orgs" time="0.299" /><testcase classname="tests.test_phase_b_context_switching.TestSwitchContextAPI" name="test_switch_context_creates_impersonation_token" time="0.335" /><testcase classname="tests.test_phase_b_context_switching.TestSwitchContextAPI" name="test_context_after_switch_shows_impersonation" time="0.369" /><testcase classname="tests.test_phase_b_context_switching.TestExitContextAPI" name="test_exit_context_returns_to_original" time="0.335" /><testcase classname="tests.test_phase_b_context_switching.TestRowLevelSecurityScreenings" name="test_screenings_endpoint_accessible" time="0.299" /><testcase classname="tests.test_phase_b_context_switching.TestRowLevelSecurityDonations" name="test_donations_endpoint_accessible" time="0.306" /><testcase classname="tests.test_phase_b_context_switching.TestRowLevelSecurityBloodUnits" name="test_blood_units_endpoint_accessible" time="0.304" /><testcase classname="tests.test_phase_b_context_switching.TestSuperAdminContextSwitching" name="test_super_admin_login_with_org" time="0.258" /><testcase classname="tests.test_phase_b_context_switching.TestSuperAdminContextSwitching" name="test_super_admin_switchable_contexts" time="0.297" /><testcase classname="tests.test_phase_b_context_switching.TestContextSwitchingPermissions" name="test_staff_cannot_switch_context" time="0.375" /></testsuite></testsuites>